100.06.15 15:32 B C:\mdd\Webpages\ist-info-day-31-5-00\activem.gif --> ada /home/staff/cs/mdd/ist-info-day-31-5-00 activem.gif
100.06.15 15:32 B C:\mdd\Webpages\ist-info-day-31-5-00\activep.gif --> ada /home/staff/cs/mdd/ist-info-day-31-5-00 activep.gif
100.06.15 15:32 B C:\mdd\Webpages\ist-info-day-31-5-00\collapse.gif --> ada /home/staff/cs/mdd/ist-info-day-31-5-00 collapse.gif
100.06.15 15:32 B C:\mdd\Webpages\ist-info-day-31-5-00\expand.gif --> ada /home/staff/cs/mdd/ist-info-day-31-5-00 expand.gif
100.06.15 15:32 B C:\mdd\Webpages\ist-info-day-31-5-00\first.gif --> ada /home/staff/cs/mdd/ist-info-day-31-5-00 first.gif
100.06.15 15:32 B C:\mdd\Webpages\ist-info-day-31-5-00\home.gif --> ada /home/staff/cs/mdd/ist-info-day-31-5-00 home.gif
100.06.15 15:32 B C:\mdd\Webpages\ist-info-day-31-5-00\ielogo.gif --> ada /home/staff/cs/mdd/ist-info-day-31-5-00 ielogo.gif
100.06.15 15:32 B C:\mdd\Webpages\ist-info-day-31-5-00\img001.gif --> ada /home/staff/cs/mdd/ist-info-day-31-5-00 img001.gif
100.06.15 15:32 B C:\mdd\Webpages\ist-info-day-31-5-00\img002.gif --> ada /home/staff/cs/mdd/ist-info-day-31-5-00 img002.gif
100.06.15 15:32 B C:\mdd\Webpages\ist-info-day-31-5-00\img003.gif --> ada /home/staff/cs/mdd/ist-info-day-31-5-00 img003.gif
100.06.15 15:32 B C:\mdd\Webpages\ist-info-day-31-5-00\img004.gif --> ada /home/staff/cs/mdd/ist-info-day-31-5-00 img004.gif
100.06.15 15:32 B C:\mdd\Webpages\ist-info-day-31-5-00\img005.gif --> ada /home/staff/cs/mdd/ist-info-day-31-5-00 img005.gif
100.06.15 15:32 B C:\mdd\Webpages\ist-info-day-31-5-00\img006.gif --> ada /home/staff/cs/mdd/ist-info-day-31-5-00 img006.gif
100.06.15 15:32 B C:\mdd\Webpages\ist-info-day-31-5-00\img007.gif --> ada /home/staff/cs/mdd/ist-info-day-31-5-00 img007.gif
100.06.15 15:32 B C:\mdd\Webpages\ist-info-day-31-5-00\img008.gif --> ada /home/staff/cs/mdd/ist-info-day-31-5-00 img008.gif
100.06.15 15:32 B C:\mdd\Webpages\ist-info-day-31-5-00\img009.gif --> ada /home/staff/cs/mdd/ist-info-day-31-5-00 img009.gif
100.06.15 15:32 B C:\mdd\Webpages\ist-info-day-31-5-00\img010.gif --> ada /home/staff/cs/mdd/ist-info-day-31-5-00 img010.gif
100.06.15 15:32 B C:\mdd\Webpages\ist-info-day-31-5-00\img011.gif --> ada /home/staff/cs/mdd/ist-info-day-31-5-00 img011.gif
100.06.15 15:32 B C:\mdd\Webpages\ist-info-day-31-5-00\img012.gif --> ada /home/staff/cs/mdd/ist-info-day-31-5-00 img012.gif
100.06.15 15:32 B C:\mdd\Webpages\ist-info-day-31-5-00\img013.gif --> ada /home/staff/cs/mdd/ist-info-day-31-5-00 img013.gif
100.06.15 15:32 B C:\mdd\Webpages\ist-info-day-31-5-00\img014.gif --> ada /home/staff/cs/mdd/ist-info-day-31-5-00 img014.gif
100.06.15 15:32 B C:\mdd\Webpages\ist-info-day-31-5-00\img015.gif --> ada /home/staff/cs/mdd/ist-info-day-31-5-00 img015.gif
100.06.15 15:32 B C:\mdd\Webpages\ist-info-day-31-5-00\img016.gif --> ada /home/staff/cs/mdd/ist-info-day-31-5-00 img016.gif
100.06.15 15:32 B C:\mdd\Webpages\ist-info-day-31-5-00\img017.gif --> ada /home/staff/cs/mdd/ist-info-day-31-5-00 img017.gif
100.06.15 15:32 B C:\mdd\Webpages\ist-info-day-31-5-00\img018.gif --> ada /home/staff/cs/mdd/ist-info-day-31-5-00 img018.gif
100.06.15 15:32 B C:\mdd\Webpages\ist-info-day-31-5-00\img019.gif --> ada /home/staff/cs/mdd/ist-info-day-31-5-00 img019.gif
100.06.15 15:32 B C:\mdd\Webpages\ist-info-day-31-5-00\img020.gif --> ada /home/staff/cs/mdd/ist-info-day-31-5-00 img020.gif
100.06.15 15:32 B C:\mdd\Webpages\ist-info-day-31-5-00\index.htm --> ada /home/staff/cs/mdd/ist-info-day-31-5-00 index.htm
100.06.15 15:32 B C:\mdd\Webpages\ist-info-day-31-5-00\info.gif --> ada /home/staff/cs/mdd/ist-info-day-31-5-00 info.gif
100.06.15 15:32 B C:\mdd\Webpages\ist-info-day-31-5-00\last.gif --> ada /home/staff/cs/mdd/ist-info-day-31-5-00 last.gif
100.06.15 15:32 B C:\mdd\Webpages\ist-info-day-31-5-00\next.gif --> ada /home/staff/cs/mdd/ist-info-day-31-5-00 next.gif
100.06.15 15:32 B C:\mdd\Webpages\ist-info-day-31-5-00\pptani.gif --> ada /home/staff/cs/mdd/ist-info-day-31-5-00 pptani.gif
100.06.15 15:32 B C:\mdd\Webpages\ist-info-day-31-5-00\prev.gif --> ada /home/staff/cs/mdd/ist-info-day-31-5-00 prev.gif
100.06.15 15:32 B C:\mdd\Webpages\ist-info-day-31-5-00\sld001.htm --> ada /home/staff/cs/mdd/ist-info-day-31-5-00 sld001.htm
100.06.15 15:32 B C:\mdd\Webpages\ist-info-day-31-5-00\sld002.htm --> ada /home/staff/cs/mdd/ist-info-day-31-5-00 sld002.htm
100.06.15 15:32 B C:\mdd\Webpages\ist-info-day-31-5-00\sld003.htm --> ada /home/staff/cs/mdd/ist-info-day-31-5-00 sld003.htm
100.06.15 15:32 B C:\mdd\Webpages\ist-info-day-31-5-00\sld004.htm --> ada /home/staff/cs/mdd/ist-info-day-31-5-00 sld004.htm
100.06.15 15:32 B C:\mdd\Webpages\ist-info-day-31-5-00\sld005.htm --> ada /home/staff/cs/mdd/ist-info-day-31-5-00 sld005.htm
100.06.15 15:32 B C:\mdd\Webpages\ist-info-day-31-5-00\sld006.htm --> ada /home/staff/cs/mdd/ist-info-day-31-5-00 sld006.htm
100.06.15 15:32 B C:\mdd\Webpages\ist-info-day-31-5-00\sld007.htm --> ada /home/staff/cs/mdd/ist-info-day-31-5-00 sld007.htm
100.06.15 15:32 B C:\mdd\Webpages\ist-info-day-31-5-00\sld008.htm --> ada /home/staff/cs/mdd/ist-info-day-31-5-00 sld008.htm
100.06.15 15:32 B C:\mdd\Webpages\ist-info-day-31-5-00\sld009.htm --> ada /home/staff/cs/mdd/ist-info-day-31-5-00 sld009.htm
100.06.15 15:32 B C:\mdd\Webpages\ist-info-day-31-5-00\sld010.htm --> ada /home/staff/cs/mdd/ist-info-day-31-5-00 sld010.htm
100.06.15 15:32 B C:\mdd\Webpages\ist-info-day-31-5-00\sld011.htm --> ada /home/staff/cs/mdd/ist-info-day-31-5-00 sld011.htm
100.06.15 15:32 B C:\mdd\Webpages\ist-info-day-31-5-00\sld012.htm --> ada /home/staff/cs/mdd/ist-info-day-31-5-00 sld012.htm
100.06.15 15:32 B C:\mdd\Webpages\ist-info-day-31-5-00\sld013.htm --> ada /home/staff/cs/mdd/ist-info-day-31-5-00 sld013.htm
100.06.15 15:32 B C:\mdd\Webpages\ist-info-day-31-5-00\sld014.htm --> ada /home/staff/cs/mdd/ist-info-day-31-5-00 sld014.htm
100.06.15 15:32 B C:\mdd\Webpages\ist-info-day-31-5-00\sld015.htm --> ada /home/staff/cs/mdd/ist-info-day-31-5-00 sld015.htm
100.06.15 15:32 B C:\mdd\Webpages\ist-info-day-31-5-00\sld016.htm --> ada /home/staff/cs/mdd/ist-info-day-31-5-00 sld016.htm
100.06.15 15:32 B C:\mdd\Webpages\ist-info-day-31-5-00\sld017.htm --> ada /home/staff/cs/mdd/ist-info-day-31-5-00 sld017.htm
100.06.15 15:32 B C:\mdd\Webpages\ist-info-day-31-5-00\sld018.htm --> ada /home/staff/cs/mdd/ist-info-day-31-5-00 sld018.htm
100.06.15 15:32 B C:\mdd\Webpages\ist-info-day-31-5-00\sld019.htm --> ada /home/staff/cs/mdd/ist-info-day-31-5-00 sld019.htm
100.06.15 15:32 B C:\mdd\Webpages\ist-info-day-31-5-00\sld020.htm --> ada /home/staff/cs/mdd/ist-info-day-31-5-00 sld020.htm
100.06.15 15:32 B C:\mdd\Webpages\ist-info-day-31-5-00\space.gif --> ada /home/staff/cs/mdd/ist-info-day-31-5-00 space.gif
100.06.15 15:32 B C:\mdd\Webpages\ist-info-day-31-5-00\text.gif --> ada /home/staff/cs/mdd/ist-info-day-31-5-00 text.gif
100.06.15 15:32 B C:\mdd\Webpages\ist-info-day-31-5-00\tsld001.htm --> ada /home/staff/cs/mdd/ist-info-day-31-5-00 tsld001.htm
100.06.15 15:32 B C:\mdd\Webpages\ist-info-day-31-5-00\tsld002.htm --> ada /home/staff/cs/mdd/ist-info-day-31-5-00 tsld002.htm
100.06.15 15:32 B C:\mdd\Webpages\ist-info-day-31-5-00\tsld003.htm --> ada /home/staff/cs/mdd/ist-info-day-31-5-00 tsld003.htm
100.06.15 15:32 B C:\mdd\Webpages\ist-info-day-31-5-00\tsld004.htm --> ada /home/staff/cs/mdd/ist-info-day-31-5-00 tsld004.htm
100.06.15 15:32 B C:\mdd\Webpages\ist-info-day-31-5-00\tsld005.htm --> ada /home/staff/cs/mdd/ist-info-day-31-5-00 tsld005.htm
100.06.15 15:32 B C:\mdd\Webpages\ist-info-day-31-5-00\tsld006.htm --> ada /home/staff/cs/mdd/ist-info-day-31-5-00 tsld006.htm
100.06.15 15:32 B C:\mdd\Webpages\ist-info-day-31-5-00\tsld007.htm --> ada /home/staff/cs/mdd/ist-info-day-31-5-00 tsld007.htm
100.06.15 15:32 B C:\mdd\Webpages\ist-info-day-31-5-00\tsld008.htm --> ada /home/staff/cs/mdd/ist-info-day-31-5-00 tsld008.htm
100.06.15 15:32 B C:\mdd\Webpages\ist-info-day-31-5-00\tsld009.htm --> ada /home/staff/cs/mdd/ist-info-day-31-5-00 tsld009.htm
100.06.15 15:32 B C:\mdd\Webpages\ist-info-day-31-5-00\tsld010.htm --> ada /home/staff/cs/mdd/ist-info-day-31-5-00 tsld010.htm
100.06.15 15:32 B C:\mdd\Webpages\ist-info-day-31-5-00\tsld011.htm --> ada /home/staff/cs/mdd/ist-info-day-31-5-00 tsld011.htm
100.06.15 15:32 B C:\mdd\Webpages\ist-info-day-31-5-00\tsld012.htm --> ada /home/staff/cs/mdd/ist-info-day-31-5-00 tsld012.htm
100.06.15 15:32 B C:\mdd\Webpages\ist-info-day-31-5-00\tsld013.htm --> ada /home/staff/cs/mdd/ist-info-day-31-5-00 tsld013.htm
100.06.15 15:32 B C:\mdd\Webpages\ist-info-day-31-5-00\tsld014.htm --> ada /home/staff/cs/mdd/ist-info-day-31-5-00 tsld014.htm
100.06.15 15:32 B C:\mdd\Webpages\ist-info-day-31-5-00\tsld015.htm --> ada /home/staff/cs/mdd/ist-info-day-31-5-00 tsld015.htm
100.06.15 15:32 B C:\mdd\Webpages\ist-info-day-31-5-00\tsld016.htm --> ada /home/staff/cs/mdd/ist-info-day-31-5-00 tsld016.htm
100.06.15 15:32 B C:\mdd\Webpages\ist-info-day-31-5-00\tsld017.htm --> ada /home/staff/cs/mdd/ist-info-day-31-5-00 tsld017.htm
100.06.15 15:32 B C:\mdd\Webpages\ist-info-day-31-5-00\tsld018.htm --> ada /home/staff/cs/mdd/ist-info-day-31-5-00 tsld018.htm
100.06.15 15:32 B C:\mdd\Webpages\ist-info-day-31-5-00\tsld019.htm --> ada /home/staff/cs/mdd/ist-info-day-31-5-00 tsld019.htm
100.06.15 15:32 B C:\mdd\Webpages\ist-info-day-31-5-00\tsld020.htm --> ada /home/staff/cs/mdd/ist-info-day-31-5-00 tsld020.htm
100.06.15 18:18 B C:\mdd\Webpages\ist-info-day-31-5-00\activem.gif --> ada /WebData/mdd/talks/ist-info-day-31-5-00 activem.gif
100.06.15 18:18 B C:\mdd\Webpages\ist-info-day-31-5-00\activep.gif --> ada /WebData/mdd/talks/ist-info-day-31-5-00 activep.gif
100.06.15 18:18 B C:\mdd\Webpages\ist-info-day-31-5-00\collapse.gif --> ada /WebData/mdd/talks/ist-info-day-31-5-00 collapse.gif
100.06.15 18:18 B C:\mdd\Webpages\ist-info-day-31-5-00\expand.gif --> ada /WebData/mdd/talks/ist-info-day-31-5-00 expand.gif
100.06.15 18:18 B C:\mdd\Webpages\ist-info-day-31-5-00\first.gif --> ada /WebData/mdd/talks/ist-info-day-31-5-00 first.gif
100.06.15 18:18 B C:\mdd\Webpages\ist-info-day-31-5-00\home.gif --> ada /WebData/mdd/talks/ist-info-day-31-5-00 home.gif
100.06.15 18:18 B C:\mdd\Webpages\ist-info-day-31-5-00\ielogo.gif --> ada /WebData/mdd/talks/ist-info-day-31-5-00 ielogo.gif
100.06.15 18:18 B C:\mdd\Webpages\ist-info-day-31-5-00\img001.gif --> ada /WebData/mdd/talks/ist-info-day-31-5-00 img001.gif
100.06.15 18:19 B C:\mdd\Webpages\ist-info-day-31-5-00\activem.gif --> ada /WebData/mdd/talks/ist-info-day-31-5-00 activem.gif
100.06.15 18:19 B C:\mdd\Webpages\ist-info-day-31-5-00\activep.gif --> ada /WebData/mdd/talks/ist-info-day-31-5-00 activep.gif
100.06.15 18:19 B C:\mdd\Webpages\ist-info-day-31-5-00\collapse.gif --> ada /WebData/mdd/talks/ist-info-day-31-5-00 collapse.gif
100.06.15 18:19 B C:\mdd\Webpages\ist-info-day-31-5-00\expand.gif --> ada /WebData/mdd/talks/ist-info-day-31-5-00 expand.gif
100.06.15 18:19 B C:\mdd\Webpages\ist-info-day-31-5-00\first.gif --> ada /WebData/mdd/talks/ist-info-day-31-5-00 first.gif
100.06.15 18:19 B C:\mdd\Webpages\ist-info-day-31-5-00\home.gif --> ada /WebData/mdd/talks/ist-info-day-31-5-00 home.gif
100.06.15 18:19 B C:\mdd\Webpages\ist-info-day-31-5-00\ielogo.gif --> ada /WebData/mdd/talks/ist-info-day-31-5-00 ielogo.gif
100.06.15 18:19 B C:\mdd\Webpages\ist-info-day-31-5-00\img001.gif --> ada /WebData/mdd/talks/ist-info-day-31-5-00 img001.gif
100.06.15 18:20 B C:\mdd\Webpages\ist-info-day-31-5-00\activem.gif --> ada /WebData/mdd/talks/ist-info-day-31-5-00 activem.gif
100.06.15 18:20 B C:\mdd\Webpages\ist-info-day-31-5-00\activep.gif --> ada /WebData/mdd/talks/ist-info-day-31-5-00 activep.gif
100.06.15 18:20 B C:\mdd\Webpages\ist-info-day-31-5-00\collapse.gif --> ada /WebData/mdd/talks/ist-info-day-31-5-00 collapse.gif
100.06.15 18:20 B C:\mdd\Webpages\ist-info-day-31-5-00\expand.gif --> ada /WebData/mdd/talks/ist-info-day-31-5-00 expand.gif
100.06.15 18:20 B C:\mdd\Webpages\ist-info-day-31-5-00\first.gif --> ada /WebData/mdd/talks/ist-info-day-31-5-00 first.gif
100.06.15 18:20 B C:\mdd\Webpages\ist-info-day-31-5-00\home.gif --> ada /WebData/mdd/talks/ist-info-day-31-5-00 home.gif
100.06.15 18:20 B C:\mdd\Webpages\ist-info-day-31-5-00\ielogo.gif --> ada /WebData/mdd/talks/ist-info-day-31-5-00 ielogo.gif
100.06.15 18:20 B C:\mdd\Webpages\ist-info-day-31-5-00\img001.gif --> ada /WebData/mdd/talks/ist-info-day-31-5-00 img001.gif
100.06.15 18:20 B C:\mdd\Webpages\ist-info-day-31-5-00\img002.gif --> ada /WebData/mdd/talks/ist-info-day-31-5-00 img002.gif
100.06.15 18:20 B C:\mdd\Webpages\ist-info-day-31-5-00\img003.gif --> ada /WebData/mdd/talks/ist-info-day-31-5-00 img003.gif
100.06.15 18:20 B C:\mdd\Webpages\ist-info-day-31-5-00\img004.gif --> ada /WebData/mdd/talks/ist-info-day-31-5-00 img004.gif
100.06.15 18:20 B C:\mdd\Webpages\ist-info-day-31-5-00\img005.gif --> ada /WebData/mdd/talks/ist-info-day-31-5-00 img005.gif
100.06.15 18:20 B C:\mdd\Webpages\ist-info-day-31-5-00\img006.gif --> ada /WebData/mdd/talks/ist-info-day-31-5-00 img006.gif
100.06.15 18:20 B C:\mdd\Webpages\ist-info-day-31-5-00\img007.gif --> ada /WebData/mdd/talks/ist-info-day-31-5-00 img007.gif
100.06.15 18:20 B C:\mdd\Webpages\ist-info-day-31-5-00\img008.gif --> ada /WebData/mdd/talks/ist-info-day-31-5-00 img008.gif
100.06.15 18:20 B C:\mdd\Webpages\ist-info-day-31-5-00\img009.gif --> ada /WebData/mdd/talks/ist-info-day-31-5-00 img009.gif
100.06.15 18:20 B C:\mdd\Webpages\ist-info-day-31-5-00\img010.gif --> ada /WebData/mdd/talks/ist-info-day-31-5-00 img010.gif
100.06.15 18:20 B C:\mdd\Webpages\ist-info-day-31-5-00\img011.gif --> ada /WebData/mdd/talks/ist-info-day-31-5-00 img011.gif
100.06.15 18:20 B C:\mdd\Webpages\ist-info-day-31-5-00\img012.gif --> ada /WebData/mdd/talks/ist-info-day-31-5-00 img012.gif
100.06.15 18:20 B C:\mdd\Webpages\ist-info-day-31-5-00\img013.gif --> ada /WebData/mdd/talks/ist-info-day-31-5-00 img013.gif
100.06.15 18:20 B C:\mdd\Webpages\ist-info-day-31-5-00\img014.gif --> ada /WebData/mdd/talks/ist-info-day-31-5-00 img014.gif
100.06.15 18:20 B C:\mdd\Webpages\ist-info-day-31-5-00\img015.gif --> ada /WebData/mdd/talks/ist-info-day-31-5-00 img015.gif
100.06.15 18:20 B C:\mdd\Webpages\ist-info-day-31-5-00\img016.gif --> ada /WebData/mdd/talks/ist-info-day-31-5-00 img016.gif
100.06.15 18:20 B C:\mdd\Webpages\ist-info-day-31-5-00\img017.gif --> ada /WebData/mdd/talks/ist-info-day-31-5-00 img017.gif
100.06.15 18:20 B C:\mdd\Webpages\ist-info-day-31-5-00\img018.gif --> ada /WebData/mdd/talks/ist-info-day-31-5-00 img018.gif
100.06.15 18:20 B C:\mdd\Webpages\ist-info-day-31-5-00\img019.gif --> ada /WebData/mdd/talks/ist-info-day-31-5-00 img019.gif
100.06.15 18:20 B C:\mdd\Webpages\ist-info-day-31-5-00\img020.gif --> ada /WebData/mdd/talks/ist-info-day-31-5-00 img020.gif
100.06.15 18:20 B C:\mdd\Webpages\ist-info-day-31-5-00\index.htm --> ada /WebData/mdd/talks/ist-info-day-31-5-00 index.htm
100.06.15 18:20 B C:\mdd\Webpages\ist-info-day-31-5-00\info.gif --> ada /WebData/mdd/talks/ist-info-day-31-5-00 info.gif
100.06.15 18:20 B C:\mdd\Webpages\ist-info-day-31-5-00\last.gif --> ada /WebData/mdd/talks/ist-info-day-31-5-00 last.gif
100.06.15 18:20 B C:\mdd\Webpages\ist-info-day-31-5-00\next.gif --> ada /WebData/mdd/talks/ist-info-day-31-5-00 next.gif
100.06.15 18:20 B C:\mdd\Webpages\ist-info-day-31-5-00\pptani.gif --> ada /WebData/mdd/talks/ist-info-day-31-5-00 pptani.gif
100.06.15 18:20 B C:\mdd\Webpages\ist-info-day-31-5-00\prev.gif --> ada /WebData/mdd/talks/ist-info-day-31-5-00 prev.gif
100.06.15 18:20 B C:\mdd\Webpages\ist-info-day-31-5-00\sld001.htm --> ada /WebData/mdd/talks/ist-info-day-31-5-00 sld001.htm
100.06.15 18:20 B C:\mdd\Webpages\ist-info-day-31-5-00\sld002.htm --> ada /WebData/mdd/talks/ist-info-day-31-5-00 sld002.htm
100.06.15 18:20 B C:\mdd\Webpages\ist-info-day-31-5-00\sld003.htm --> ada /WebData/mdd/talks/ist-info-day-31-5-00 sld003.htm
100.06.15 18:20 B C:\mdd\Webpages\ist-info-day-31-5-00\sld004.htm --> ada /WebData/mdd/talks/ist-info-day-31-5-00 sld004.htm
100.06.15 18:20 B C:\mdd\Webpages\ist-info-day-31-5-00\sld005.htm --> ada /WebData/mdd/talks/ist-info-day-31-5-00 sld005.htm
100.06.15 18:20 B C:\mdd\Webpages\ist-info-day-31-5-00\sld006.htm --> ada /WebData/mdd/talks/ist-info-day-31-5-00 sld006.htm
100.06.15 18:20 B C:\mdd\Webpages\ist-info-day-31-5-00\sld007.htm --> ada /WebData/mdd/talks/ist-info-day-31-5-00 sld007.htm
100.06.15 18:20 B C:\mdd\Webpages\ist-info-day-31-5-00\sld008.htm --> ada /WebData/mdd/talks/ist-info-day-31-5-00 sld008.htm
100.06.15 18:20 B C:\mdd\Webpages\ist-info-day-31-5-00\sld009.htm --> ada /WebData/mdd/talks/ist-info-day-31-5-00 sld009.htm
100.06.15 18:20 B C:\mdd\Webpages\ist-info-day-31-5-00\sld010.htm --> ada /WebData/mdd/talks/ist-info-day-31-5-00 sld010.htm
100.06.15 18:20 B C:\mdd\Webpages\ist-info-day-31-5-00\sld011.htm --> ada /WebData/mdd/talks/ist-info-day-31-5-00 sld011.htm
100.06.15 18:20 B C:\mdd\Webpages\ist-info-day-31-5-00\sld012.htm --> ada /WebData/mdd/talks/ist-info-day-31-5-00 sld012.htm
100.06.15 18:20 B C:\mdd\Webpages\ist-info-day-31-5-00\sld013.htm --> ada /WebData/mdd/talks/ist-info-day-31-5-00 sld013.htm
100.06.15 18:20 B C:\mdd\Webpages\ist-info-day-31-5-00\sld014.htm --> ada /WebData/mdd/talks/ist-info-day-31-5-00 sld014.htm
100.06.15 18:20 B C:\mdd\Webpages\ist-info-day-31-5-00\sld015.htm --> ada /WebData/mdd/talks/ist-info-day-31-5-00 sld015.htm
100.06.15 18:20 B C:\mdd\Webpages\ist-info-day-31-5-00\sld016.htm --> ada /WebData/mdd/talks/ist-info-day-31-5-00 sld016.htm
100.06.15 18:20 B C:\mdd\Webpages\ist-info-day-31-5-00\sld017.htm --> ada /WebData/mdd/talks/ist-info-day-31-5-00 sld017.htm
100.06.15 18:20 B C:\mdd\Webpages\ist-info-day-31-5-00\sld018.htm --> ada /WebData/mdd/talks/ist-info-day-31-5-00 sld018.htm
100.06.15 18:20 B C:\mdd\Webpages\ist-info-day-31-5-00\sld019.htm --> ada /WebData/mdd/talks/ist-info-day-31-5-00 sld019.htm
100.06.15 18:20 B C:\mdd\Webpages\ist-info-day-31-5-00\sld020.htm --> ada /WebData/mdd/talks/ist-info-day-31-5-00 sld020.htm
100.06.15 18:20 B C:\mdd\Webpages\ist-info-day-31-5-00\space.gif --> ada /WebData/mdd/talks/ist-info-day-31-5-00 space.gif
100.06.15 18:20 B C:\mdd\Webpages\ist-info-day-31-5-00\text.gif --> ada /WebData/mdd/talks/ist-info-day-31-5-00 text.gif
100.06.15 18:20 B C:\mdd\Webpages\ist-info-day-31-5-00\tsld001.htm --> ada /WebData/mdd/talks/ist-info-day-31-5-00 tsld001.htm
100.06.15 18:20 B C:\mdd\Webpages\ist-info-day-31-5-00\tsld002.htm --> ada /WebData/mdd/talks/ist-info-day-31-5-00 tsld002.htm
100.06.15 18:20 B C:\mdd\Webpages\ist-info-day-31-5-00\tsld003.htm --> ada /WebData/mdd/talks/ist-info-day-31-5-00 tsld003.htm
100.06.15 18:20 B C:\mdd\Webpages\ist-info-day-31-5-00\tsld004.htm --> ada /WebData/mdd/talks/ist-info-day-31-5-00 tsld004.htm
100.06.15 18:20 B C:\mdd\Webpages\ist-info-day-31-5-00\tsld005.htm --> ada /WebData/mdd/talks/ist-info-day-31-5-00 tsld005.htm
100.06.15 18:20 B C:\mdd\Webpages\ist-info-day-31-5-00\tsld006.htm --> ada /WebData/mdd/talks/ist-info-day-31-5-00 tsld006.htm
100.06.15 18:20 B C:\mdd\Webpages\ist-info-day-31-5-00\tsld007.htm --> ada /WebData/mdd/talks/ist-info-day-31-5-00 tsld007.htm
100.06.15 18:20 B C:\mdd\Webpages\ist-info-day-31-5-00\tsld008.htm --> ada /WebData/mdd/talks/ist-info-day-31-5-00 tsld008.htm
100.06.15 18:20 B C:\mdd\Webpages\ist-info-day-31-5-00\tsld009.htm --> ada /WebData/mdd/talks/ist-info-day-31-5-00 tsld009.htm
100.06.15 18:20 B C:\mdd\Webpages\ist-info-day-31-5-00\tsld010.htm --> ada /WebData/mdd/talks/ist-info-day-31-5-00 tsld010.htm
100.06.15 18:20 B C:\mdd\Webpages\ist-info-day-31-5-00\tsld011.htm --> ada /WebData/mdd/talks/ist-info-day-31-5-00 tsld011.htm
100.06.15 18:20 B C:\mdd\Webpages\ist-info-day-31-5-00\tsld012.htm --> ada /WebData/mdd/talks/ist-info-day-31-5-00 tsld012.htm
100.06.15 18:20 B C:\mdd\Webpages\ist-info-day-31-5-00\tsld013.htm --> ada /WebData/mdd/talks/ist-info-day-31-5-00 tsld013.htm
100.06.15 18:20 B C:\mdd\Webpages\ist-info-day-31-5-00\tsld014.htm --> ada /WebData/mdd/talks/ist-info-day-31-5-00 tsld014.htm
100.06.15 18:20 B C:\mdd\Webpages\ist-info-day-31-5-00\tsld015.htm --> ada /WebData/mdd/talks/ist-info-day-31-5-00 tsld015.htm
100.06.15 18:20 B C:\mdd\Webpages\ist-info-day-31-5-00\tsld016.htm --> ada /WebData/mdd/talks/ist-info-day-31-5-00 tsld016.htm
100.06.15 18:20 B C:\mdd\Webpages\ist-info-day-31-5-00\tsld017.htm --> ada /WebData/mdd/talks/ist-info-day-31-5-00 tsld017.htm
100.06.15 18:20 B C:\mdd\Webpages\ist-info-day-31-5-00\tsld018.htm --> ada /WebData/mdd/talks/ist-info-day-31-5-00 tsld018.htm
100.06.15 18:20 B C:\mdd\Webpages\ist-info-day-31-5-00\tsld019.htm --> ada /WebData/mdd/talks/ist-info-day-31-5-00 tsld019.htm
100.06.15 18:21 B C:\mdd\Webpages\ist-info-day-31-5-00\activem.gif --> ada /WebData/mdd/talks/ist-info-day-31-5-00 activem.gif
100.06.15 18:21 B C:\mdd\Webpages\ist-info-day-31-5-00\activep.gif --> ada /WebData/mdd/talks/ist-info-day-31-5-00 activep.gif
100.06.15 18:21 B C:\mdd\Webpages\ist-info-day-31-5-00\collapse.gif --> ada /WebData/mdd/talks/ist-info-day-31-5-00 collapse.gif
100.06.15 18:21 B C:\mdd\Webpages\ist-info-day-31-5-00\expand.gif --> ada /WebData/mdd/talks/ist-info-day-31-5-00 expand.gif
100.06.15 18:21 B C:\mdd\Webpages\ist-info-day-31-5-00\first.gif --> ada /WebData/mdd/talks/ist-info-day-31-5-00 first.gif
100.06.15 18:21 B C:\mdd\Webpages\ist-info-day-31-5-00\home.gif --> ada /WebData/mdd/talks/ist-info-day-31-5-00 home.gif
100.06.15 18:21 B C:\mdd\Webpages\ist-info-day-31-5-00\ielogo.gif --> ada /WebData/mdd/talks/ist-info-day-31-5-00 ielogo.gif
100.06.15 18:21 B C:\mdd\Webpages\ist-info-day-31-5-00\img001.gif --> ada /WebData/mdd/talks/ist-info-day-31-5-00 img001.gif
100.06.15 18:21 B C:\mdd\Webpages\ist-info-day-31-5-00\img002.gif --> ada /WebData/mdd/talks/ist-info-day-31-5-00 img002.gif
100.06.15 18:21 B C:\mdd\Webpages\ist-info-day-31-5-00\img003.gif --> ada /WebData/mdd/talks/ist-info-day-31-5-00 img003.gif
100.06.15 18:21 B C:\mdd\Webpages\ist-info-day-31-5-00\img004.gif --> ada /WebData/mdd/talks/ist-info-day-31-5-00 img004.gif
100.06.15 18:21 B C:\mdd\Webpages\ist-info-day-31-5-00\img005.gif --> ada /WebData/mdd/talks/ist-info-day-31-5-00 img005.gif
100.06.15 18:21 B C:\mdd\Webpages\ist-info-day-31-5-00\img006.gif --> ada /WebData/mdd/talks/ist-info-day-31-5-00 img006.gif
100.06.15 18:21 B C:\mdd\Webpages\ist-info-day-31-5-00\img007.gif --> ada /WebData/mdd/talks/ist-info-day-31-5-00 img007.gif
100.06.15 18:21 B C:\mdd\Webpages\ist-info-day-31-5-00\img008.gif --> ada /WebData/mdd/talks/ist-info-day-31-5-00 img008.gif
100.06.15 18:21 B C:\mdd\Webpages\ist-info-day-31-5-00\img009.gif --> ada /WebData/mdd/talks/ist-info-day-31-5-00 img009.gif
100.06.15 18:21 B C:\mdd\Webpages\ist-info-day-31-5-00\img010.gif --> ada /WebData/mdd/talks/ist-info-day-31-5-00 img010.gif
100.06.15 18:21 B C:\mdd\Webpages\ist-info-day-31-5-00\img011.gif --> ada /WebData/mdd/talks/ist-info-day-31-5-00 img011.gif
100.06.15 18:21 B C:\mdd\Webpages\ist-info-day-31-5-00\img012.gif --> ada /WebData/mdd/talks/ist-info-day-31-5-00 img012.gif
100.06.15 18:21 B C:\mdd\Webpages\ist-info-day-31-5-00\img013.gif --> ada /WebData/mdd/talks/ist-info-day-31-5-00 img013.gif
100.06.15 18:21 B C:\mdd\Webpages\ist-info-day-31-5-00\img014.gif --> ada /WebData/mdd/talks/ist-info-day-31-5-00 img014.gif
100.06.15 18:21 B C:\mdd\Webpages\ist-info-day-31-5-00\img015.gif --> ada /WebData/mdd/talks/ist-info-day-31-5-00 img015.gif
100.06.15 18:21 B C:\mdd\Webpages\ist-info-day-31-5-00\img016.gif --> ada /WebData/mdd/talks/ist-info-day-31-5-00 img016.gif
100.06.15 18:21 B C:\mdd\Webpages\ist-info-day-31-5-00\img017.gif --> ada /WebData/mdd/talks/ist-info-day-31-5-00 img017.gif
100.06.15 18:21 B C:\mdd\Webpages\ist-info-day-31-5-00\img018.gif --> ada /WebData/mdd/talks/ist-info-day-31-5-00 img018.gif
100.06.15 18:21 B C:\mdd\Webpages\ist-info-day-31-5-00\img019.gif --> ada /WebData/mdd/talks/ist-info-day-31-5-00 img019.gif
100.06.15 18:21 B C:\mdd\Webpages\ist-info-day-31-5-00\img020.gif --> ada /WebData/mdd/talks/ist-info-day-31-5-00 img020.gif
100.06.15 18:21 B C:\mdd\Webpages\ist-info-day-31-5-00\index.htm --> ada /WebData/mdd/talks/ist-info-day-31-5-00 index.htm
100.06.15 18:21 B C:\mdd\Webpages\ist-info-day-31-5-00\info.gif --> ada /WebData/mdd/talks/ist-info-day-31-5-00 info.gif
100.06.15 18:21 B C:\mdd\Webpages\ist-info-day-31-5-00\last.gif --> ada /WebData/mdd/talks/ist-info-day-31-5-00 last.gif
100.06.15 18:21 B C:\mdd\Webpages\ist-info-day-31-5-00\next.gif --> ada /WebData/mdd/talks/ist-info-day-31-5-00 next.gif
100.06.15 18:21 B C:\mdd\Webpages\ist-info-day-31-5-00\pptani.gif --> ada /WebData/mdd/talks/ist-info-day-31-5-00 pptani.gif
100.06.15 18:21 B C:\mdd\Webpages\ist-info-day-31-5-00\prev.gif --> ada /WebData/mdd/talks/ist-info-day-31-5-00 prev.gif
100.06.15 18:21 B C:\mdd\Webpages\ist-info-day-31-5-00\sld001.htm --> ada /WebData/mdd/talks/ist-info-day-31-5-00 sld001.htm
100.06.15 18:21 B C:\mdd\Webpages\ist-info-day-31-5-00\sld002.htm --> ada /WebData/mdd/talks/ist-info-day-31-5-00 sld002.htm
100.06.15 18:21 B C:\mdd\Webpages\ist-info-day-31-5-00\sld003.htm --> ada /WebData/mdd/talks/ist-info-day-31-5-00 sld003.htm
100.06.15 18:21 B C:\mdd\Webpages\ist-info-day-31-5-00\sld004.htm --> ada /WebData/mdd/talks/ist-info-day-31-5-00 sld004.htm
100.06.15 18:21 B C:\mdd\Webpages\ist-info-day-31-5-00\sld005.htm --> ada /WebData/mdd/talks/ist-info-day-31-5-00 sld005.htm
100.06.15 18:21 B C:\mdd\Webpages\ist-info-day-31-5-00\sld006.htm --> ada /WebData/mdd/talks/ist-info-day-31-5-00 sld006.htm
100.06.15 18:21 B C:\mdd\Webpages\ist-info-day-31-5-00\sld007.htm --> ada /WebData/mdd/talks/ist-info-day-31-5-00 sld007.htm
100.06.15 18:21 B C:\mdd\Webpages\ist-info-day-31-5-00\sld008.htm --> ada /WebData/mdd/talks/ist-info-day-31-5-00 sld008.htm
100.06.15 18:21 B C:\mdd\Webpages\ist-info-day-31-5-00\sld009.htm --> ada /WebData/mdd/talks/ist-info-day-31-5-00 sld009.htm
100.06.15 18:21 B C:\mdd\Webpages\ist-info-day-31-5-00\sld010.htm --> ada /WebData/mdd/talks/ist-info-day-31-5-00 sld010.htm
100.06.15 18:21 B C:\mdd\Webpages\ist-info-day-31-5-00\sld011.htm --> ada /WebData/mdd/talks/ist-info-day-31-5-00 sld011.htm
100.06.15 18:21 B C:\mdd\Webpages\ist-info-day-31-5-00\sld012.htm --> ada /WebData/mdd/talks/ist-info-day-31-5-00 sld012.htm
100.06.15 18:21 B C:\mdd\Webpages\ist-info-day-31-5-00\sld013.htm --> ada /WebData/mdd/talks/ist-info-day-31-5-00 sld013.htm
100.06.15 18:21 B C:\mdd\Webpages\ist-info-day-31-5-00\sld014.htm --> ada /WebData/mdd/talks/ist-info-day-31-5-00 sld014.htm
100.06.15 18:21 B C:\mdd\Webpages\ist-info-day-31-5-00\sld015.htm --> ada /WebData/mdd/talks/ist-info-day-31-5-00 sld015.htm
100.06.15 18:21 B C:\mdd\Webpages\ist-info-day-31-5-00\sld016.htm --> ada /WebData/mdd/talks/ist-info-day-31-5-00 sld016.htm
100.06.15 18:21 B C:\mdd\Webpages\ist-info-day-31-5-00\sld017.htm --> ada /WebData/mdd/talks/ist-info-day-31-5-00 sld017.htm
100.06.15 18:21 B C:\mdd\Webpages\ist-info-day-31-5-00\sld018.htm --> ada /WebData/mdd/talks/ist-info-day-31-5-00 sld018.htm
100.06.15 18:21 B C:\mdd\Webpages\ist-info-day-31-5-00\sld019.htm --> ada /WebData/mdd/talks/ist-info-day-31-5-00 sld019.htm
100.06.15 18:21 B C:\mdd\Webpages\ist-info-day-31-5-00\sld020.htm --> ada /WebData/mdd/talks/ist-info-day-31-5-00 sld020.htm
100.06.15 18:21 B C:\mdd\Webpages\ist-info-day-31-5-00\space.gif --> ada /WebData/mdd/talks/ist-info-day-31-5-00 space.gif
100.06.15 18:21 B C:\mdd\Webpages\ist-info-day-31-5-00\text.gif --> ada /WebData/mdd/talks/ist-info-day-31-5-00 text.gif
100.06.15 18:21 B C:\mdd\Webpages\ist-info-day-31-5-00\tsld001.htm --> ada /WebData/mdd/talks/ist-info-day-31-5-00 tsld001.htm
100.06.15 18:21 B C:\mdd\Webpages\ist-info-day-31-5-00\tsld002.htm --> ada /WebData/mdd/talks/ist-info-day-31-5-00 tsld002.htm
100.06.15 18:21 B C:\mdd\Webpages\ist-info-day-31-5-00\tsld003.htm --> ada /WebData/mdd/talks/ist-info-day-31-5-00 tsld003.htm
100.06.15 18:21 B C:\mdd\Webpages\ist-info-day-31-5-00\tsld004.htm --> ada /WebData/mdd/talks/ist-info-day-31-5-00 tsld004.htm
100.06.15 18:21 B C:\mdd\Webpages\ist-info-day-31-5-00\tsld005.htm --> ada /WebData/mdd/talks/ist-info-day-31-5-00 tsld005.htm
100.06.15 18:21 B C:\mdd\Webpages\ist-info-day-31-5-00\tsld006.htm --> ada /WebData/mdd/talks/ist-info-day-31-5-00 tsld006.htm
100.06.15 18:21 B C:\mdd\Webpages\ist-info-day-31-5-00\tsld007.htm --> ada /WebData/mdd/talks/ist-info-day-31-5-00 tsld007.htm
100.06.15 18:21 B C:\mdd\Webpages\ist-info-day-31-5-00\tsld008.htm --> ada /WebData/mdd/talks/ist-info-day-31-5-00 tsld008.htm
100.06.15 18:21 B C:\mdd\Webpages\ist-info-day-31-5-00\tsld009.htm --> ada /WebData/mdd/talks/ist-info-day-31-5-00 tsld009.htm
100.06.15 18:21 B C:\mdd\Webpages\ist-info-day-31-5-00\tsld010.htm --> ada /WebData/mdd/talks/ist-info-day-31-5-00 tsld010.htm
100.06.15 18:21 B C:\mdd\Webpages\ist-info-day-31-5-00\tsld011.htm --> ada /WebData/mdd/talks/ist-info-day-31-5-00 tsld011.htm
100.06.15 18:21 B C:\mdd\Webpages\ist-info-day-31-5-00\tsld012.htm --> ada /WebData/mdd/talks/ist-info-day-31-5-00 tsld012.htm
100.06.15 18:21 B C:\mdd\Webpages\ist-info-day-31-5-00\tsld013.htm --> ada /WebData/mdd/talks/ist-info-day-31-5-00 tsld013.htm
100.06.15 18:21 B C:\mdd\Webpages\ist-info-day-31-5-00\tsld014.htm --> ada /WebData/mdd/talks/ist-info-day-31-5-00 tsld014.htm
100.06.15 18:21 B C:\mdd\Webpages\ist-info-day-31-5-00\tsld015.htm --> ada /WebData/mdd/talks/ist-info-day-31-5-00 tsld015.htm
100.06.15 18:21 B C:\mdd\Webpages\ist-info-day-31-5-00\tsld016.htm --> ada /WebData/mdd/talks/ist-info-day-31-5-00 tsld016.htm
100.06.15 18:21 B C:\mdd\Webpages\ist-info-day-31-5-00\tsld017.htm --> ada /WebData/mdd/talks/ist-info-day-31-5-00 tsld017.htm
100.06.15 18:21 B C:\mdd\Webpages\ist-info-day-31-5-00\tsld018.htm --> ada /WebData/mdd/talks/ist-info-day-31-5-00 tsld018.htm
100.06.15 18:22 B C:\mdd\Webpages\ist-info-day-31-5-00\tsld019.htm --> ada /WebData/mdd/talks/ist-info-day-31-5-00 tsld019.htm
100.06.15 18:22 B C:\mdd\Webpages\ist-info-day-31-5-00\tsld020.htm --> ada /WebData/mdd/talks/ist-info-day-31-5-00 tsld020.htm
100.06.15 18:22 B C:\mdd\Webpages\ist-info-day-31-5-00\WS_FTP.LOG --> ada /WebData/mdd/talks/ist-info-day-31-5-00 WS_FTP.LOG
100.06.15 18:24 B C:\mdd\Webpages\ist-info-day-31-5-00\activem.gif --> ada /WebData/mdd/talks/ist-info-day-31-5-00 activem.gif
100.06.15 18:24 B C:\mdd\Webpages\ist-info-day-31-5-00\activep.gif --> ada /WebData/mdd/talks/ist-info-day-31-5-00 activep.gif
100.06.15 18:24 B C:\mdd\Webpages\ist-info-day-31-5-00\collapse.gif --> ada /WebData/mdd/talks/ist-info-day-31-5-00 collapse.gif
100.06.15 18:24 B C:\mdd\Webpages\ist-info-day-31-5-00\expand.gif --> ada /WebData/mdd/talks/ist-info-day-31-5-00 expand.gif
100.06.15 18:24 B C:\mdd\Webpages\ist-info-day-31-5-00\first.gif --> ada /WebData/mdd/talks/ist-info-day-31-5-00 first.gif
100.06.15 18:24 B C:\mdd\Webpages\ist-info-day-31-5-00\home.gif --> ada /WebData/mdd/talks/ist-info-day-31-5-00 home.gif
100.06.15 18:24 B C:\mdd\Webpages\ist-info-day-31-5-00\ielogo.gif --> ada /WebData/mdd/talks/ist-info-day-31-5-00 ielogo.gif
100.06.15 18:24 B C:\mdd\Webpages\ist-info-day-31-5-00\img001.gif --> ada /WebData/mdd/talks/ist-info-day-31-5-00 img001.gif
100.06.15 18:24 B C:\mdd\Webpages\ist-info-day-31-5-00\img002.gif --> ada /WebData/mdd/talks/ist-info-day-31-5-00 img002.gif
100.06.15 18:24 B C:\mdd\Webpages\ist-info-day-31-5-00\img003.gif --> ada /WebData/mdd/talks/ist-info-day-31-5-00 img003.gif
100.06.15 18:24 B C:\mdd\Webpages\ist-info-day-31-5-00\img004.gif --> ada /WebData/mdd/talks/ist-info-day-31-5-00 img004.gif
100.06.15 18:24 B C:\mdd\Webpages\ist-info-day-31-5-00\img005.gif --> ada /WebData/mdd/talks/ist-info-day-31-5-00 img005.gif
100.06.15 18:24 B C:\mdd\Webpages\ist-info-day-31-5-00\img006.gif --> ada /WebData/mdd/talks/ist-info-day-31-5-00 img006.gif
100.06.15 18:24 B C:\mdd\Webpages\ist-info-day-31-5-00\img007.gif --> ada /WebData/mdd/talks/ist-info-day-31-5-00 img007.gif
100.06.15 18:24 B C:\mdd\Webpages\ist-info-day-31-5-00\img008.gif --> ada /WebData/mdd/talks/ist-info-day-31-5-00 img008.gif
100.06.15 18:24 B C:\mdd\Webpages\ist-info-day-31-5-00\img009.gif --> ada /WebData/mdd/talks/ist-info-day-31-5-00 img009.gif
100.06.15 18:24 B C:\mdd\Webpages\ist-info-day-31-5-00\img010.gif --> ada /WebData/mdd/talks/ist-info-day-31-5-00 img010.gif
100.06.15 18:24 B C:\mdd\Webpages\ist-info-day-31-5-00\img011.gif --> ada /WebData/mdd/talks/ist-info-day-31-5-00 img011.gif
100.06.15 18:24 B C:\mdd\Webpages\ist-info-day-31-5-00\img012.gif --> ada /WebData/mdd/talks/ist-info-day-31-5-00 img012.gif
100.06.15 18:24 B C:\mdd\Webpages\ist-info-day-31-5-00\img013.gif --> ada /WebData/mdd/talks/ist-info-day-31-5-00 img013.gif
100.06.15 18:24 B C:\mdd\Webpages\ist-info-day-31-5-00\img014.gif --> ada /WebData/mdd/talks/ist-info-day-31-5-00 img014.gif
100.06.15 18:24 B C:\mdd\Webpages\ist-info-day-31-5-00\img015.gif --> ada /WebData/mdd/talks/ist-info-day-31-5-00 img015.gif
100.06.15 18:24 B C:\mdd\Webpages\ist-info-day-31-5-00\img016.gif --> ada /WebData/mdd/talks/ist-info-day-31-5-00 img016.gif
100.06.15 18:24 B C:\mdd\Webpages\ist-info-day-31-5-00\img017.gif --> ada /WebData/mdd/talks/ist-info-day-31-5-00 img017.gif
100.06.15 18:24 B C:\mdd\Webpages\ist-info-day-31-5-00\img018.gif --> ada /WebData/mdd/talks/ist-info-day-31-5-00 img018.gif
100.06.15 18:25 B C:\mdd\Webpages\ist-info-day-31-5-00\img019.gif --> ada /WebData/mdd/talks/ist-info-day-31-5-00 img019.gif
100.06.15 18:25 B C:\mdd\Webpages\ist-info-day-31-5-00\img020.gif --> ada /WebData/mdd/talks/ist-info-day-31-5-00 img020.gif
100.06.15 18:25 B C:\mdd\Webpages\ist-info-day-31-5-00\index.htm --> ada /WebData/mdd/talks/ist-info-day-31-5-00 index.htm
100.06.15 18:25 B C:\mdd\Webpages\ist-info-day-31-5-00\info.gif --> ada /WebData/mdd/talks/ist-info-day-31-5-00 info.gif
100.06.15 18:25 B C:\mdd\Webpages\ist-info-day-31-5-00\last.gif --> ada /WebData/mdd/talks/ist-info-day-31-5-00 last.gif
100.06.15 18:25 B C:\mdd\Webpages\ist-info-day-31-5-00\next.gif --> ada /WebData/mdd/talks/ist-info-day-31-5-00 next.gif
100.06.15 18:25 B C:\mdd\Webpages\ist-info-day-31-5-00\pptani.gif --> ada /WebData/mdd/talks/ist-info-day-31-5-00 pptani.gif
100.06.15 18:25 B C:\mdd\Webpages\ist-info-day-31-5-00\prev.gif --> ada /WebData/mdd/talks/ist-info-day-31-5-00 prev.gif
100.06.15 18:25 B C:\mdd\Webpages\ist-info-day-31-5-00\sld001.htm --> ada /WebData/mdd/talks/ist-info-day-31-5-00 sld001.htm
100.06.15 18:25 B C:\mdd\Webpages\ist-info-day-31-5-00\sld002.htm --> ada /WebData/mdd/talks/ist-info-day-31-5-00 sld002.htm
100.06.15 18:25 B C:\mdd\Webpages\ist-info-day-31-5-00\sld003.htm --> ada /WebData/mdd/talks/ist-info-day-31-5-00 sld003.htm
100.06.15 18:25 B C:\mdd\Webpages\ist-info-day-31-5-00\sld004.htm --> ada /WebData/mdd/talks/ist-info-day-31-5-00 sld004.htm
100.06.15 18:25 B C:\mdd\Webpages\ist-info-day-31-5-00\sld005.htm --> ada /WebData/mdd/talks/ist-info-day-31-5-00 sld005.htm
100.06.15 18:25 B C:\mdd\Webpages\ist-info-day-31-5-00\sld006.htm --> ada /WebData/mdd/talks/ist-info-day-31-5-00 sld006.htm
100.06.15 18:25 B C:\mdd\Webpages\ist-info-day-31-5-00\sld007.htm --> ada /WebData/mdd/talks/ist-info-day-31-5-00 sld007.htm
100.06.15 18:25 B C:\mdd\Webpages\ist-info-day-31-5-00\sld008.htm --> ada /WebData/mdd/talks/ist-info-day-31-5-00 sld008.htm
100.06.15 18:25 B C:\mdd\Webpages\ist-info-day-31-5-00\sld009.htm --> ada /WebData/mdd/talks/ist-info-day-31-5-00 sld009.htm
100.06.15 18:25 B C:\mdd\Webpages\ist-info-day-31-5-00\sld010.htm --> ada /WebData/mdd/talks/ist-info-day-31-5-00 sld010.htm
100.06.15 18:25 B C:\mdd\Webpages\ist-info-day-31-5-00\sld011.htm --> ada /WebData/mdd/talks/ist-info-day-31-5-00 sld011.htm
100.06.15 18:25 B C:\mdd\Webpages\ist-info-day-31-5-00\sld012.htm --> ada /WebData/mdd/talks/ist-info-day-31-5-00 sld012.htm
100.06.15 18:25 B C:\mdd\Webpages\ist-info-day-31-5-00\sld013.htm --> ada /WebData/mdd/talks/ist-info-day-31-5-00 sld013.htm
100.06.15 18:25 B C:\mdd\Webpages\ist-info-day-31-5-00\sld014.htm --> ada /WebData/mdd/talks/ist-info-day-31-5-00 sld014.htm
100.06.15 18:25 B C:\mdd\Webpages\ist-info-day-31-5-00\sld015.htm --> ada /WebData/mdd/talks/ist-info-day-31-5-00 sld015.htm
100.06.15 18:25 B C:\mdd\Webpages\ist-info-day-31-5-00\sld016.htm --> ada /WebData/mdd/talks/ist-info-day-31-5-00 sld016.htm
100.06.15 18:25 B C:\mdd\Webpages\ist-info-day-31-5-00\sld017.htm --> ada /WebData/mdd/talks/ist-info-day-31-5-00 sld017.htm
100.06.15 18:25 B C:\mdd\Webpages\ist-info-day-31-5-00\sld018.htm --> ada /WebData/mdd/talks/ist-info-day-31-5-00 sld018.htm
100.06.15 18:25 B C:\mdd\Webpages\ist-info-day-31-5-00\sld019.htm --> ada /WebData/mdd/talks/ist-info-day-31-5-00 sld019.htm
100.06.15 18:25 B C:\mdd\Webpages\ist-info-day-31-5-00\sld020.htm --> ada /WebData/mdd/talks/ist-info-day-31-5-00 sld020.htm
100.06.15 18:25 B C:\mdd\Webpages\ist-info-day-31-5-00\space.gif --> ada /WebData/mdd/talks/ist-info-day-31-5-00 space.gif
100.06.15 18:25 B C:\mdd\Webpages\ist-info-day-31-5-00\text.gif --> ada /WebData/mdd/talks/ist-info-day-31-5-00 text.gif
100.06.15 18:25 B C:\mdd\Webpages\ist-info-day-31-5-00\tsld001.htm --> ada /WebData/mdd/talks/ist-info-day-31-5-00 tsld001.htm
100.06.15 18:25 B C:\mdd\Webpages\ist-info-day-31-5-00\tsld002.htm --> ada /WebData/mdd/talks/ist-info-day-31-5-00 tsld002.htm
100.06.15 18:25 B C:\mdd\Webpages\ist-info-day-31-5-00\tsld003.htm --> ada /WebData/mdd/talks/ist-info-day-31-5-00 tsld003.htm
100.06.15 18:25 B C:\mdd\Webpages\ist-info-day-31-5-00\tsld004.htm --> ada /WebData/mdd/talks/ist-info-day-31-5-00 tsld004.htm
100.06.15 18:25 B C:\mdd\Webpages\ist-info-day-31-5-00\tsld005.htm --> ada /WebData/mdd/talks/ist-info-day-31-5-00 tsld005.htm
100.06.15 18:25 B C:\mdd\Webpages\ist-info-day-31-5-00\tsld006.htm --> ada /WebData/mdd/talks/ist-info-day-31-5-00 tsld006.htm
100.06.15 18:25 B C:\mdd\Webpages\ist-info-day-31-5-00\tsld007.htm --> ada /WebData/mdd/talks/ist-info-day-31-5-00 tsld007.htm
100.06.15 18:25 B C:\mdd\Webpages\ist-info-day-31-5-00\tsld008.htm --> ada /WebData/mdd/talks/ist-info-day-31-5-00 tsld008.htm
100.06.15 18:25 B C:\mdd\Webpages\ist-info-day-31-5-00\tsld009.htm --> ada /WebData/mdd/talks/ist-info-day-31-5-00 tsld009.htm
100.06.15 18:25 B C:\mdd\Webpages\ist-info-day-31-5-00\tsld010.htm --> ada /WebData/mdd/talks/ist-info-day-31-5-00 tsld010.htm
100.06.15 18:25 B C:\mdd\Webpages\ist-info-day-31-5-00\tsld011.htm --> ada /WebData/mdd/talks/ist-info-day-31-5-00 tsld011.htm
100.06.15 18:25 B C:\mdd\Webpages\ist-info-day-31-5-00\tsld012.htm --> ada /WebData/mdd/talks/ist-info-day-31-5-00 tsld012.htm
100.06.15 18:25 B C:\mdd\Webpages\ist-info-day-31-5-00\tsld013.htm --> ada /WebData/mdd/talks/ist-info-day-31-5-00 tsld013.htm
100.06.15 18:25 B C:\mdd\Webpages\ist-info-day-31-5-00\tsld014.htm --> ada /WebData/mdd/talks/ist-info-day-31-5-00 tsld014.htm
100.06.15 18:25 B C:\mdd\Webpages\ist-info-day-31-5-00\tsld015.htm --> ada /WebData/mdd/talks/ist-info-day-31-5-00 tsld015.htm
100.06.15 18:25 B C:\mdd\Webpages\ist-info-day-31-5-00\tsld016.htm --> ada /WebData/mdd/talks/ist-info-day-31-5-00 tsld016.htm
100.06.15 18:25 B C:\mdd\Webpages\ist-info-day-31-5-00\tsld017.htm --> ada /WebData/mdd/talks/ist-info-day-31-5-00 tsld017.htm
100.06.15 18:25 B C:\mdd\Webpages\ist-info-day-31-5-00\tsld018.htm --> ada /WebData/mdd/talks/ist-info-day-31-5-00 tsld018.htm
100.06.15 18:25 B C:\mdd\Webpages\ist-info-day-31-5-00\tsld019.htm --> ada /WebData/mdd/talks/ist-info-day-31-5-00 tsld019.htm
100.06.15 18:25 B C:\mdd\Webpages\ist-info-day-31-5-00\tsld020.htm --> ada /WebData/mdd/talks/ist-info-day-31-5-00 tsld020.htm
